Start testing: Sep 02 01:05 �й���׼ʱ��
----------------------------------------------------------
1/16 Testing: pe_tests_all
1/16 Test: pe_tests_all
Command: "C:/game/build/bin/pe_tests.exe"
Directory: C:/game/build
"pe_tests_all" start time: Sep 02 01:05 �й���׼ʱ��
Output:
----------------------------------------------------------
Randomness seeded to: 887782706
===============================================================================
All tests passed (80189 assertions in 213 test cases)

<end of output>
Test time =   0.85 sec
----------------------------------------------------------
Test Passed.
"pe_tests_all" end time: Sep 02 01:05 �й���׼ʱ��
"pe_tests_all" time elapsed: 00:00:00
----------------------------------------------------------

2/16 Testing: pe_tests_math
2/16 Test: pe_tests_math
Command: "C:/game/build/bin/pe_tests.exe" "[math]"
Directory: C:/game/build
"pe_tests_math" start time: Sep 02 01:05 �й���׼ʱ��
Output:
----------------------------------------------------------
Filters: [math]
Randomness seeded to: 2839634181
===============================================================================
All tests passed (227 assertions in 42 test cases)

<end of output>
Test time =   0.02 sec
----------------------------------------------------------
Test Passed.
"pe_tests_math" end time: Sep 02 01:05 �й���׼ʱ��
"pe_tests_math" time elapsed: 00:00:00
----------------------------------------------------------

3/16 Testing: pe_tests_core
3/16 Test: pe_tests_core
Command: "C:/game/build/bin/pe_tests.exe" "[core]"
Directory: C:/game/build
"pe_tests_core" start time: Sep 02 01:05 �й���׼ʱ��
Output:
----------------------------------------------------------
Filters: [core]
Randomness seeded to: 2856366960
===============================================================================
All tests passed (66 assertions in 10 test cases)

<end of output>
Test time =   0.02 sec
----------------------------------------------------------
Test Passed.
"pe_tests_core" end time: Sep 02 01:05 �й���׼ʱ��
"pe_tests_core" time elapsed: 00:00:00
----------------------------------------------------------

4/16 Testing: pe_tests_collision
4/16 Test: pe_tests_collision
Command: "C:/game/build/bin/pe_tests.exe" "[collision]"
Directory: C:/game/build
"pe_tests_collision" start time: Sep 02 01:05 �й���׼ʱ��
Output:
----------------------------------------------------------
Filters: [collision]
Randomness seeded to: 2344444350
===============================================================================
All tests passed (53824 assertions in 64 test cases)

<end of output>
Test time =   0.35 sec
----------------------------------------------------------
Test Passed.
"pe_tests_collision" end time: Sep 02 01:05 �й���׼ʱ��
"pe_tests_collision" time elapsed: 00:00:00
----------------------------------------------------------

5/16 Testing: pe_tests_raycast
5/16 Test: pe_tests_raycast
Command: "C:/game/build/bin/pe_tests.exe" "[raycast]"
Directory: C:/game/build
"pe_tests_raycast" start time: Sep 02 01:05 �й���׼ʱ��
Output:
----------------------------------------------------------
Filters: [raycast]
Randomness seeded to: 2362897764
===============================================================================
All tests passed (10907 assertions in 28 test cases)

<end of output>
Test time =   0.05 sec
----------------------------------------------------------
Test Passed.
"pe_tests_raycast" end time: Sep 02 01:05 �й���׼ʱ��
"pe_tests_raycast" time elapsed: 00:00:00
----------------------------------------------------------

6/16 Testing: pe_tests_broadphase
6/16 Test: pe_tests_broadphase
Command: "C:/game/build/bin/pe_tests.exe" "[broadphase]"
Directory: C:/game/build
"pe_tests_broadphase" start time: Sep 02 01:05 �й���׼ʱ��
Output:
----------------------------------------------------------
Filters: [broadphase]
Randomness seeded to: 660035751
===============================================================================
All tests passed (1569 assertions in 15 test cases)

<end of output>
Test time =   0.28 sec
----------------------------------------------------------
Test Passed.
"pe_tests_broadphase" end time: Sep 02 01:05 �й���׼ʱ��
"pe_tests_broadphase" time elapsed: 00:00:00
----------------------------------------------------------

7/16 Testing: pe_tests_narrowphase
7/16 Test: pe_tests_narrowphase
Command: "C:/game/build/bin/pe_tests.exe" "[narrowphase]"
Directory: C:/game/build
"pe_tests_narrowphase" start time: Sep 02 01:05 �й���׼ʱ��
Output:
----------------------------------------------------------
Filters: [narrowphase]
Randomness seeded to: 156274462
===============================================================================
All tests passed (17430 assertions in 11 test cases)

<end of output>
Test time =   0.04 sec
----------------------------------------------------------
Test Passed.
"pe_tests_narrowphase" end time: Sep 02 01:05 �й���׼ʱ��
"pe_tests_narrowphase" time elapsed: 00:00:00
----------------------------------------------------------

8/16 Testing: pe_tests_gjk
8/16 Test: pe_tests_gjk
Command: "C:/game/build/bin/pe_tests.exe" "[gjk]"
Directory: C:/game/build
"pe_tests_gjk" start time: Sep 02 01:05 �й���׼ʱ��
Output:
----------------------------------------------------------
Filters: [gjk]
Randomness seeded to: 2909298381
===============================================================================
All tests passed (34197 assertions in 8 test cases)

<end of output>
Test time =   0.05 sec
----------------------------------------------------------
Test Passed.
"pe_tests_gjk" end time: Sep 02 01:05 �й���׼ʱ��
"pe_tests_gjk" time elapsed: 00:00:00
----------------------------------------------------------

9/16 Testing: pe_tests_dynamics
9/16 Test: pe_tests_dynamics
Command: "C:/game/build/bin/pe_tests.exe" "[dynamics]"
Directory: C:/game/build
"pe_tests_dynamics" start time: Sep 02 01:05 �й���׼ʱ��
Output:
----------------------------------------------------------
Filters: [dynamics]
Randomness seeded to: 742787711
===============================================================================
All tests passed (128 assertions in 16 test cases)

<end of output>
Test time =   0.05 sec
----------------------------------------------------------
Test Passed.
"pe_tests_dynamics" end time: Sep 02 01:05 �й���׼ʱ��
"pe_tests_dynamics" time elapsed: 00:00:00
----------------------------------------------------------

10/16 Testing: pe_tests_solver
10/16 Test: pe_tests_solver
Command: "C:/game/build/bin/pe_tests.exe" "[solver]"
Directory: C:/game/build
"pe_tests_solver" start time: Sep 02 01:05 �й���׼ʱ��
Output:
----------------------------------------------------------
Filters: [solver]
Randomness seeded to: 1855451738
===============================================================================
All tests passed (14930 assertions in 19 test cases)

<end of output>
Test time =   0.28 sec
----------------------------------------------------------
Test Passed.
"pe_tests_solver" end time: Sep 02 01:05 �й���׼ʱ��
"pe_tests_solver" time elapsed: 00:00:00
----------------------------------------------------------

11/16 Testing: pe_tests_shapecast
11/16 Test: pe_tests_shapecast
Command: "C:/game/build/bin/pe_tests.exe" "[shapecast]"
Directory: C:/game/build
"pe_tests_shapecast" start time: Sep 02 01:05 �й���׼ʱ��
Output:
----------------------------------------------------------
Filters: [shapecast]
Randomness seeded to: 3844291363
===============================================================================
All tests passed (520 assertions in 6 test cases)

<end of output>
Test time =   0.03 sec
----------------------------------------------------------
Test Passed.
"pe_tests_shapecast" end time: Sep 02 01:05 �й���׼ʱ��
"pe_tests_shapecast" time elapsed: 00:00:00
----------------------------------------------------------

12/16 Testing: pe_tests_character
12/16 Test: pe_tests_character
Command: "C:/game/build/bin/pe_tests.exe" "[character]"
Directory: C:/game/build
"pe_tests_character" start time: Sep 02 01:05 �й���׼ʱ��
Output:
----------------------------------------------------------
Filters: [character]
Randomness seeded to: 3828724531
===============================================================================
All tests passed (994 assertions in 12 test cases)

<end of output>
Test time =   0.03 sec
----------------------------------------------------------
Test Passed.
"pe_tests_character" end time: Sep 02 01:05 �й���׼ʱ��
"pe_tests_character" time elapsed: 00:00:00
----------------------------------------------------------

13/16 Testing: pe_tests_trigger
13/16 Test: pe_tests_trigger
Command: "C:/game/build/bin/pe_tests.exe" "[trigger]"
Directory: C:/game/build
"pe_tests_trigger" start time: Sep 02 01:05 �й���׼ʱ��
Output:
----------------------------------------------------------
Filters: [trigger]
Randomness seeded to: 2581435260
===============================================================================
All tests passed (53 assertions in 7 test cases)

<end of output>
Test time =   0.03 sec
----------------------------------------------------------
Test Passed.
"pe_tests_trigger" end time: Sep 02 01:05 �й���׼ʱ��
"pe_tests_trigger" time elapsed: 00:00:00
----------------------------------------------------------

14/16 Testing: pe_tests_world
14/16 Test: pe_tests_world
Command: "C:/game/build/bin/pe_tests.exe" "[world]"
Directory: C:/game/build
"pe_tests_world" start time: Sep 02 01:05 �й���׼ʱ��
Output:
----------------------------------------------------------
Filters: [world]
Randomness seeded to: 250259208
===============================================================================
All tests passed (79 assertions in 20 test cases)

<end of output>
Test time =   0.10 sec
----------------------------------------------------------
Test Passed.
"pe_tests_world" end time: Sep 02 01:05 �й���׼ʱ��
"pe_tests_world" time elapsed: 00:00:00
----------------------------------------------------------

15/16 Testing: pe_game_smoke
15/16 Test: pe_game_smoke
Command: "C:/game/build/bin/pe_game.exe" "--script" "--no-color" "--frames" "200"
Directory: C:/game/build
"pe_game_smoke" start time: Sep 02 01:05 �й���׼ʱ��
Output:
----------------------------------------------------------

================================================================
 一个跑在 PhysEngine 上的 FPS —— 0.1.0
================================================================

  操作：W/A/S/D 移动   Q/E 或 左右方向键 转向   上/下 抬低头
        Shift 冲刺   空格 跳跃   Ctrl / F 开火   R 换弹   Esc 退出
        一局结束后：R 重开   Esc 退出

  内部按 100x34 逐像素光线投射，每个像素输出一个灰度字符。
  渲染器没有任何自己的几何数据 —— 每一个像素都是一次
  world.Raycast()，画面里看到的就是物理里存在的。

  目标：清除地图上全部 5 个敌人。

  [无交互控制台，机器人自动接管]

[H*HP ==================== 100******************ENEMY 5/5**************************AMMO 12/12  RSV 48*
++++********************************************************************************************++++
+++++++++++++**************************************************************************+++++++++++++
+++++++++++++++++++++++******************************************************+++++++++++++++++++++++
+++++++++++++++++++++++++++++++++++++++++******************+++++++++++++++++++++++++++++++++++++++++
++++++++++++++++++++++++++++++++++++++++++++++++++++++++++++++++++++++++++++++++++++++++++++++++++++
++++++++++++++++++++++++++++++++++++++++++++++++++++++++++++++++++++++++++++++++++++++++++++++++++++
======++++++++++++++++++++++++++++++++++++++++++++++++++++++++++++++++++++++++++++++++++++++++======
=====================++++++++++++++++=+++++++++++++++++++++++++++++++++++++++++=====================
===================================~==++++++++++++++===============================================~
~~~~~~~~===========================~==++++++++++++++====================================~~~~~~~~~~~~
~~~~~~~~~~~~~~~~~~~~~~~~~~~~~~~~~~~~==++++++++++++++============~~~~~~~~~~~~~-------~~~~~~~~~~~~~~~~
------------------~~~~~~~~~~~~~~~~~~==++++++++++++++~~~~~~~~~~~~~~~~~~~------------~~~~~~~~~~~~~~~~~
-----------------------------------~==++++++++++++++-------------------------------~~~~~~~~~~~~~~~~~
-----------------------------------~==++++++++++++++................:::------------~~~~~~~~~~~~~~~~~
-----------------------------------~==++++++++++++++................::------------~~~~~~~~~~~~~~~~~~
-----------------------------------~==++++++++++++|+...O............::------------~~~~~~~~~~~~~~~~~~
-----------------------------------~==++++++++++-+++-...............::------------~~~~~~~~~~~~~~~~~~
-----------------------------------~==++++++++++++|+................::-------------~~~~~~~~~~~~~~~~~
-----------------------------------~==++++++++++++++::::::::::::::::::----+++++++++++~~~~~~~~~~~~~~~
-----------------------------------~==++++++++++++++~~~~~~~~--------------===============++**+++++++
---~~~~~~~~~~~~~~~~~~~~~~~~~~~~~~~~~==++++++++++++++~~~~~~~~~~~~~~~~~~~~--================++++++++++
~~~~~~~~~~~~~~~~~~~~===============~==++++++++++++++======================================++++++++++
===================================~==++++++++++++++=======================================+++++++++
======================================++++++++++++++++++++++++++============================++++++++
================++++++++++++++++++++++++++++++++++++++++++++++++++++++++++===================+++++++
==++++++++++++++++++++++++++++++++++++++++++++++++++++++++++++++++++++++++====================++++++
++++++++++++++++++++++++++++++++++++++++++++++++++++++++++++++++++++++++++=====================+++++
+++++++++++++++++++++++++++++++++++++++++++++++++++++++++++++++++++++++++++++++=================++++
+++++++++++++++++++++++++++++++++++++**************************+++++++++++++++++++++=============+++
+++++++++++++++++++++++******************************************************++++++++++++==========+
+++++++++++++**************************************************************************++++++=======
+OBJECTIVE: eliminate all 5 enemies************************************************************+++==
*(-13.8, 0.0, -7.9) GROUND  t=0s********************************************************************
[H*HP ==================== 100******************ENEMY 5/5**************************AMMO 12/12  RSV 48*
++++********************************************************************************************++++
+++++++++++++**************************************************************************+++++++++++++
+++++++++++++++++++++++******************************************************+++++++++++++++++++++++
++++++++++++++++++++++++++++++++++++++++********************++++++++++++++++++++++++++++++++++++++++
++++++++++++++++++++++++++++++++++++++++++++++++++++++++++++++++++++++++++++++++++++++++++++++++++++
++++++++++++++++++++++++++++++++++++++++++++++++++++++++++++++++++++++++++++++++++++++++++++++++++++
======++++++++++++++++++++++++++++++++++++++++++++++++++++++++++++++++++++++++++++++++++++++++======
=====================+++++++++==+++++++++++++++++++++++++++++++++++++++++++++++=====================
=============================~==++++++++++++++++===============================================~~~~~
~~~~~~~~========================++++++++++++++++====================================~~~~~~~~~~~~~~~~
~~~~~~~~~~~~~~~~~~~~~~~~~~~~~===++++++++++++++++================~~~~~~~~~---~~~~~~~~~~~~~~~~~~~~~~~~
------------------~~~~~~~~~~~===++++++++++++++++~~~~~~~~~~~~~~~~~-----------~~~~~~~~~~~~~~~~~~~~~~~~
-----------------------------===++++++++++++++++----------------------------~~~~~~~~~~~~~~~~~~~~~~~~
-----------------------------===++++++++++++++++...............::----------~~~~~~~~~~~~~~~~~~~~~~~~~
-----------------------------===++++++++++++++++...............::----------~~~~~~~~~~~~~~~~~~~~~~~~~
-----------------------------===++++++++++++++++..|............::----------~~~~~~~~~~~~~~~~~~~~~~~~~
-----------------------------===++++++++++++++++-.+.-..........::----------~~~~~~~~~~~~~~~~~~~~~~~~~
-----------------------------===++++++++++++++++..|............::----------~~~~~~~~~~~~~~~~~~~~~~~~~
-----------------------------===++++++++++++++++:::::::::::::::::-----++++++++++~~~~~~~~~~~~~~~~~~~~
-----------------------------====+++++++++++++++~~~~~~~~~~~~---------===========++++++*******+++++++
---~~~~~~~~~~~~~~~~~~~~~~~~~~~===+++++++++++++++~~~~~~~~~~~~~~~~~~~~-===========++++++++++++++++++++
~~~~~~~~~~~~~~~~~~~~=========~===+++++++++++++++=================================+++++++++++++++++++
=============================~===+++++++++++++++=================================+++++++++++++++++++
=============================~===+++++++++++++++++++++++++++++++==================++++++++++++++++++
================+++++++++++++++==++++++++++++++++++++++++++++++++++++==============+++++++++++++++++
==+++++++++++++++++++++++++++++++++++++++++++++++++++++++++++++++++++===============++++++++++++++++
+++++++++++++++++++++++++++++++++++++++++++++++++++++++++++++++++++++================+++++++++++++++
++++++++++++++++++++++++++++++++++++++++++++++++++++++++++++++++++++++++++============++++++++++++++
+++++++++++++++++++++++++++++++++++++**************************++++++++++++++++========+++++++++++++
+++++++++++++++++++++++******************************************************+++++++====++++++++++++
+++++++++++++**************************************************************************+==++++++++++
+OBJECTIVE: eliminate all 5 enemies**********************************************************+++++++
*(-13.7, 0.0, -7.8) GROUND  t=0s******************************************************************++
[H*HP ==================== 100******************ENEMY 5/5**************************AMMO 12/12  RSV 48*
++++********************************************************************************************++++
+++++++++++++**************************************************************************+++++++++++++
++++++++++++++++++++++++****************************************************++++++++++++++++++++++++
+++++++++++++++++++++++++++++++++++++++++******************+++++++++++++++++++++++++++++++++++++++++
++++++++++++++++++++++++++++++++++++++++++++++++++++++++++++++++++++++++++++++++++++++++++++++++++++
++++++++++++++++++++++++++++++++++++++++++++++++++++++++++++++++++++++++++++++++++++++++++++++++++++
======++++++++++++++++++++++++=+++++++++++++++++++++++++++++++++++++++++++++++++++++++++++++++======
=====================+++++++===++++++++++++++++++++++++++++++++++++++++++++++++=====================
===============================++++++++++++++++==============================================~~~~~~~
~~~~~~~~=======================++++++++++++++++===================================~~~~~~~~~~~~~~~~~~
~~~~~~~~~~~~~~~~~~~~~~~~~~~~===++++++++++++++++=================~~~~~~~~--~~~~~~~~~~~~~~~~~~~~~~~~~~
-------------------~~~~~~~~~===++++++++++++++++~~~~~~~~~~~~~~~~~~---------~~~~~~~~~~~~~~~~~~~~~~~~~~
----------------------------===++++++++++++++++---------------------------~~~~~~~~~~~~~~~~~~~~~~~~~~
----------------------------===++++++++++++++++...............:::---------~~~~~~~~~~~~~~~~~~~~~~~~~~
----------------------------===++++++++++++++++...............:::--------~~~~~~~~~~~~~~~~~~~~~~~~~~~
----------------------------===++++++++++++++++...|...........:::--------~~~~~~~~~~~~~~~~~~~~~~~~~~~
----------------------------===++++++++++++++++.-.+.-.........:::--------~~~~~~~~~~~~~~~~~~~~~~~~~~~
----------------------------===++++++++++++++++...|...........:::--------~~~~~~~~~~~~~~~~~~~~~~~~~~~
----------------------------===++++++++++++++++::::::::::::::::::--------++++++~~~~~~~~~~~~~~~~~~~~~
----------------------------===++++++++++++++++~~~~~~~~~~~~~~--------=======++++++++*********+++++++
---~~~~~~~~~~~~~~~~~~~~~~~~~===++++++++++++++++~~~~~~~~~~~~~~~~~~~---=======++++++++++++++++++++++++
~~~~~~~~~~~~~~~~~~~~===========++++++++++++++++==============================+++++++++++++++++++++++
===============================++++++++++++++++==============================+++++++++++++++++++++++
===============================+++++++++++++++++++++++++++++++++==============++++++++++++++++++++++
===============++++++++++++++==++++++++++++++++++++++++++++++++++++++==========+++++++++++++++++++++
==+++++++++++++++++++++++++++++++++++++++++++++++++++++++++++++++++++===========++++++++++++++++++++
+++++++++++++++++++++++++++++++++++++++++++++++++++++++++++++++++++++============+++++++++++++++++++
++++++++++++++++++++++++++++++++++++++++++++++++++++++++++++++++++++++++==========++++++++++++++++++
+++++++++++++++++++++++++++++++++++++**************************++++++++++++++======+++++++++++++++++
++++++++++++++++++++++********************************************************+++===++++++++++++++++
+++++++++++++*************************************************************************++++++++++++++
+OBJECTIVE: eliminate all 5 enemies********************************************************+++++++++
*(-13.5, 0.0, -7.7) GROUND  t=0s****************************************************************++++
[H*HP ==================== 100******************ENEMY 5/5**************************AMMO 11/12  RSV 48*
+++++******************************************************************************************+++++
+++++++++++++**************************************************************************+++++++++++++
++++++++++++++++++++++++****************************************************++++++++++++++++++++++++
+++++++++++++++++++++++++++++++++++++++++******************+++++++++++++++++++++++++++++++++++++++++
++++++++++++++++++++++++++++++++++++++++++++++++++++++++++++++++++++++++++++++++++++++++++++++++++++
++++++++++++++++++++++++++++++++++++++++++++++++++++++++++++++++++++++++++++++++++++++++++++++++++++
======+++++++++++++++++++++++=++++++++++++++++++++++++++++++++++++++++++++++++++++++++++++++++======
=====================++++++===+++++++++++++++++++++++++++++++++++++++++++++++++=====================
==============================+++++++++++++++++=============================================~~~~~~~~
~~~~~~~~======================+++++++++++++++++==================================~~~~~~~~~~~~~~~~~~~
~~~~~~~~~~~~~~~~~~~~~~~~~~~===+++++++++++++++++================~~~~~~~~--~~~~~~~~~~~~~~~~~~~~~~~~~~~
-------------------~~~~~~~~===+++++++++++++++++~~~~~~~~~~~~~~~~~~--------~~~~~~~~~~~~~~~~~~~~~~~~~~~
---------------------------===+++++++++++++++++--------------------------~~~~~~~~~~~~~~~~~~~~~~~~~~~
---------------------------===+++++++++++++++++...............:::-------~~~~~~~~~~~~~~~~~~~~~~~~~~~~
---------------------------===+++++++++++++++++...............:::-------~~~~~~~~~~~~~~~~~~~~~~~~~~~~
---------------------------===+++++++++++++++++\..|../........:::-------~~~~~~~~~~~~~~~~~~~~~~~~~~~~
---------------------------===+++++++++++++++++.-.+.-.........:::-------~~~~~~~~~~~~~~~~~~~~~~~~~~~~
---------------------------===+++++++++++++++++/..|..\........:::-------~~~~~~~~~~~~~~~~~~~~~~~~~~~~
---------------------------===+++++++++++++++++::::::::::::::::::--------~~~~~~~~~~~~~~~~~~~~~~~~~~~
---------------------------===+++++++++++++++++~~~~~~~~~~~~~~---------===+++++++++***********+++++~~
---~~~~~~~~~~~~~~~~~~~~~~~~===+++++++++++++++++~~~~~~~~~~~~~~~~~~~----====+++++++++++++++++++++++++*
~~~~~~~~~~~~~~~~~~~~==========+++++++++++++++++===========================++++++++++++++++++++++++++
==============================+++++++++++++++++============================+++++++++++++++++++++++++
==============================+++++++++++++++++++++++++++++++++++==========+++++++++++++++++++++++++
===============+++++++++++++==++++++++++++++++++++++++++++++++++++++++======++++++++++++++++++++++++
==+++++++++++++++++++++++++++=++++++++++++++++++++++++++++++++++++++++=======+++++++++++++++++++++++
++++++++++++++++++++++++++++++++++++++++++++++++++++++++++++++++++++++===---==++++++++++++++++++++++
++++++++++++++++++++++++++++++++++++++++++++++++++++++++++++++++++++++=====--==+++++++++++++++++++++
+++++++++++++++++++++++++++++++++++++**************************++++++++++++=====++++++++++++++++++++
++++++++++++++++++++++********************************************************++=+++++++++++++++++++
+OBJECTIVE: eliminate all 5 enemies*************************************************++++++++++++++++
+Hit  28m********************************************************************************+++++++++++
*(-13.4, 0.0, -7.6) GROUND  t=0s*************************************************************+++++++
[H*HP ==================== 100******************ENEMY 5/5**************************AMMO 11/12  RSV 48*
+++++******************************************************************************************+++++
+++++++++++++**************************************************************************+++++++++++++
++++++++++++++++++++++++****************************************************++++++++++++++++++++++++
+++++++++++++++++++++++++++++++++++++++++******************+++++++++++++++++++++++++++++++++++++++++
++++++++++++++++++++++++++++++++++++++++++++++++++++++++++++++++++++++++++++++++++++++++++++++++++++
++++++++++++++++++++++++++++++++++++++++++++++++++++++++++++++++++++++++++++++++++++++++++++++++++++
======+++++++++++++++++++++==+++++++++++++++++++++++++++++++++++++++++++++++++++++++++++++++++======
=====================+++++===++++++++++++++++++++++++++++++++++++++++++++++++++=====================
=============================+++++++++++++++++=============================================~~~~~~~~~
~~~~~~~~=====================+++++++++++++++++===================================~~~~~~~~~~~~~~~~~~~
~~~~~~~~~~~~~~~~~~~~~~~~~~===+++++++++++++++++=================~~~~~~~--~~~~~~~~~~~~~~~~~~~~~~~~~~~~
-------------------~~~~~~~===+++++++++++++++++~~~~~~~~~~~~~~~~~~~~------~~~~~~~~~~~~~~~~~~~~~~~~~~~~
--------------------------===+++++++++++++++++--------------------------~~~~~~~~~~~~~~~~~~~~~~~~~~~~
--------------------------===+++++++++++++++++.................:::-----~~~~~~~~~~~~~~~~~~~~~~~~~~~~~
--------------------------===+++++++++++++++++.................:::-----~~~~~~~~~~~~~~~~~~~~~~~~~~~~~
--------------------------===+++++++++++++++++.\..|../.........:::-----~~~~~~~~~~~~~~~~~~~~~~~~~~~~~
--------------------------===+++++++++++++++++..-.+.-..........:::-----~~~~~~~~~~~~~~~~~~~~~~~~~~~~~
--------------------------===+++++++++++++++++./..|..\.........:::-----~~~~~~~~~~~~~~~~~~~~~~~~~~~~~
--------------------------===+++++++++++++++++::::::::::::::::::::------~~~~~~~~~~~~~~~~~~~~~~~~~~~~
---------------------------==+++++++++++++++++~~~~~~~~~~~~~~~----------+++++++++*************++++~~~
---~~~~~~~~~~~~~~~~~~~~~~~~==+++++++++++++++++~~~~~~~~~~~~~~~~~~~~-----++++++++++++++++++++++++++***
~~~~~~~~~~~~~~~~~~~~=========+++++++++++++++++==========================++++++++++++++++++++++++++++
=============================+++++++++++++++++==========================++++++++++++++++++++++++++++
=============================++++++++++++++++++++++++++++++++++++========+++++++++++++++++++++++++++
===============++++++++++++==++++++++++++++++++++++++++++++++++++++++++===++++++++++++++++++++++++++
==++++++++++++++++++++++++++=++++++++++++++++++++++++++++++++++++++++++===++++++++++++++++++++++++++
+++++++++++++++++++++++++++++++++++++++++++++++++++++++++++++++++++++++====+++++++++++++++++++++++++
+++++++++++++++++++++++++++++++++++++++++++++++++++++++++++++++++++++++=====++++++++++++++++++++++++
+++++++++++++++++++++++++++++++++++++**************************++++++++++====+++++++++++++++++++++++
++++++++++++++++++++++********************************************************++++++++++++++++++++++
+OBJECTIVE: eliminate all 5 enemies***********************************************++++++++++++++++++
+Hit  28m******************************************************************************+++++++++++++
*(-13.2, 0.0, -7.6) GROUND  t=0s***********************************************************+++++++++
[H*HP ==================== 100******************ENEMY 5/5**************************AMMO 11/12  RSV 48*
+++++******************************************************************************************+++++
+++++++++++++**************************************************************************+++++++++++++
++++++++++++++++++++++++****************************************************++++++++++++++++++++++++
+++++++++++++++++++++++++++++++++++++++++******************+++++++++++++++++++++++++++++++++++++++++
++++++++++++++++++++++++++++++++++++++++++++++++++++++++++++++++++++++++++++++++++++++++++++++++++++
+++++++++++++++++++++++++++=++++++++++++++++++++++++++++++++++++++++++++++++++++++++++++++++++++++++
======++++++++++++++++++++==++++++++++++++++++++++++++++++++++++++++++++++++++++++++++++++++++======
======================++++==++++++++++++++++++++++++++++++++++++++++++++++++++======================
============================++++++++++++++++++============================================~~~~~~~~~~
~~~~~~~~====================++++++++++++++++++==================================~~~~~~~~~~~~~~~~~~~~
~~~~~~~~~~~~~~~~~~~~~~~~~~==++++++++++++++++++=================~~~~~~--~~~~~~~~~~~~~~~~~~~~~~~~~~~~~
-------------~~~~~-~~~~~~~==++++++++++++++++++~~~~~~~~~~~~~~~~~~~~-----~~~~~~~~~~~~~~~~~~~~~~~~~~~~~
---------~~~~~~~~~~~~~----==++++++++++++++++++-------------------------~~~~~~~~~~~~~~~~~~~~~~~~~~~~~
-------~~~~~~~~~~~~~~~~~--==++++++++++++++++++.................:::----~~~~~~~~~~~~~~~~~~~~~~~~~~~~~~
------~~~~~~~~~~~~~~~~~~~-==++++++++++++++++++.................:::----~~~~~~~~~~~~~~~~~~~~~~~~~~~~~~
-----~~~~~~~~~~~~~~~~~~~~-==++++++++++++++++++.\..|../.........:::----~~~~~~~~~~~~~~~~~~~~~~~~~~~~~~
------~~~~~~~~~~~~~~~~~~~-==++++++++++++++++++..-.+.-..........:::----~~~~~~~~~~~~~~~~~~~~~~~~~~~~~~
-------~~~~~~~~~~~~~~~~~--===+++++++++++++++++./..|.:\.........:::----~~~~~~~~~~~~~~~~~~~~~~~~~~~~~~
--------~~~~~~~~~~~~~~~---===+++++++++++++++++::::::::::::::::::::-----~~~~~~~~~~~~~~~~~~~~~~~~~~~~~
-----------~~~~~~~~-------===+++++++++++++++++~~~~~~~~~~~~~~~~---------~+++++++***************+~~~~~
---~~~~~~~~~~~~~~~~~~~~~~~===+++++++++++++++++~~~~~~~~~~~~~~~~~~~~-----~+++++++++++++++++++++++*****
~~~~~~~~~~~~~~~~~~~==========+++++++++++++++++==========================++++++++++++++++++++++++++++
=============================+++++++++++++++++==========================++++++++++++++++++++++++++++
=============================++++++++++++++++++++++++++++++++++++=======++++++++++++++++++++++++++++
===============+++++++++++===+++++++++++++++++++++++++++++++++++++++++++++++++++++++++++++++++++++++
==+++++++++++++++++++++++++==+++++++++++++++++++++++++++++++++++++++++++++++++++++++++++++++++++++++
++++++++++++++++++++++++++++=+++++++++++++++++++++++++++++++++++++++++++=+++++++++++++++++++++++++++
++++++++++++++++++++++++++++++++++++++++++++++++++++++++++++++++++++++++=+++++++++++++++++++++++++++
++++++++++++++++++++++++++++++++++++****************************++++++++==++++++++++++++++++++++++++
++++++++++++++++++++++******************************************************++++++++++++++++++++++++
+OBJECTIVE: eliminate all 5 enemies*********************************************++++++++++++++++++++
+Hit  28m****************************************************************************+++++++++++++++
*(-13.0, 0.0, -7.5) GROUND  t=0s*********************************************************+++++++++++
[H*HP ==================== 100******************ENEMY 5/5**************************AMMO 11/12  RSV 48*
+++++******************************************************************************************+++++
+++++++++++++**************************************************************************+++++++++++++
++++++++++++++++++++++++****************************************************++++++++++++++++++++++++
+++++++++++++++++++++++++++++++++++++++++******************+++++++++++++++++++++++++++++++++++++++++
++++++++++++++++++++++++++++++++++++++++++++++++++++++++++++++++++++++++++++++++++++++++++++++++++++
++++++++++++++++++++++++++=+++++++++++++++++++++++++++++++++++++++++++++++++++++++++++++++++++++++++
======+++++++++++++++++++==+++++++++++++++++++++++++++++++++++++++++++++++++++++++++++++++++++======
======================+++==+++++++++++++++++++++++++++++++++++++++++++++++++++=====================~
===========================+++++++++++++++++++===========================================~~~~~~~~~~~
~~~~~~~~===================+++++++++++++++++++=================================~~~~~~~~~~~~~~~~~~~~~
~~~~~~~~~~~~~~~~~~~~~~~~~==+++++++++++++++++++=================~~~~~~-~~~~~~~~~~~~~~~~~~~~~~~~~~~~~~
-~~~~~~~~~~~~~~~~~~~~~~~~==+++++++++++++++++++~~~~~~~~~~~~~~~~~~~~----~~~~~~~~~~~~~~~~~~~~~~~~~~~~~~
~~~~~~~~~~~~~~~~~~~~~~~~~==+++++++++++++++++++------------------------~~~~~~~~~~~~~~~~~~~~~~~~~~~~~~
~~~~~~~~~~~~~~~~~~~~~~~~~==+++++++++++++++++++.................:::---~~~~~~~~~~~~~~~~~~~~~~~~~~~~~~~
~~~~~~~~~~~~~~~~~~~~~~~~~==+++++++++++++++++++.................:::---~~~~~~~~~~~~~~~~~~~~~~~~~~~~~~~
~~~~~~~~~~~~~~~~~~~~~~~~~==+++++++++++++++++++.\..|../.........:::---~~~~~~~~~~~~~~~~~~~~~~~~~~~~~~~
~~~~~~~~~~~~~~~~~~~~~~~~~==+++++++++++++++++++..-.+.-..........:::---~~~~~~~~~~~~~~~~~~~~~~~~~~~~~~~
~~~~~~~~~~~~~~~~~~~~~~~~~===++++++++++++++++++./..|.:\.........:::---~~~~~~~~~~~~~~~~~~~~~~~~~~~~~~~
~~~~~~~~~~~~~~~~~~~~~~~~~===++++++++++++++++++::::::::::::::::.:::----~~~~~~~~~~~~~~~~~~~~~~~~~~~~~~
-~~~~~~~~~~~~~~~~~~~~~~~~===++++++++++++++++++~~~~~~~~~~~~~~~~--------~~~++++****************~~~~~~~
---~~~~~~~~~~~~~~~~~~~~~~===++++++++++++++++++~~~~~~~~~~~~~~~~~~~~----~~~+++++++++++++++++++********
~~~~~~~~~~~~~~~~~~~=========++++++++++++++++++===========================+++++++++++++++++++++++++++
============================++++++++++++++++++===========================+++++++++++++++++++++++++++
============================+++++++++++++++++++++++++++++++++++++========+++++++++++++++++++++++++++
===============++++++++++===++++++++++++++++++++++++++++++++++++++++++++++++++++++++++++++++++++++++
==+++++++++++++++++++++++===++++++++++++++++++++++++++++++++++++++++++++++++++++++++++++++++++++++++
++++++++++++++++++++++++++==++++++++++++++++++++++++++++++++++++++++++++++++++++++++++++++++++++++++
+++++++++++++++++++++++++++=++++++++++++++++++++++++++++++++++++++++++++++++++++++++++++++++++++++++
++++++++++++++++++++++++++++++++++++****************************++++++++++++++++++++++++++++++++++++
++++++++++++++++++++++****************************************************++++++++++++++++++++++++++
+OBJECTIVE: eliminate all 5 enemies*******************************************++++++++++++++++++++++
+Hit  28m**************************************************************************+++++++++++++++++
*(-12.9, 0.0, -7.4) GROUND  t=0s*******************************************************+++++++++++++
[H*HP ==================== 100******************ENEMY 5/5**************************AMMO 11/12  RSV 48*
+++++******************************************************************************************+++++
+++++++++++++**************************************************************************+++++++++++++
++++++++++++++++++++++++****************************************************++++++++++++++++++++++++
++++++++++++++++++++++++++++++++++++++++++****************++++++++++++++++++++++++++++++++++++++++++
+++++++++++++++++++++++++=++++++++++++++++++++++++++++++++++++++++++++++++++++++++++++++++++++++++++
++++++++++++++++++++++++==++++++++++++++++++++++++++++++++++++++++++++++++++++++++++++++++++++++++++
======++++++++++++++++++==++++++++++++++++++++++++++++++++++++++++++++++++++++++++++++++++++++======
======================++==++++++++++++++++++++++++++++++++++++++++++++++++++++====================~~
==========================++++++++++++++++++++==========================================~~~~~~~~~~~~
~~~~~~~~~=================**++++++++++++++++++================================~~~~~~~~~~~~~~~~~~~~~~
~~~~~~~~~~~~~~~~~~~~~~~~==****++++++++++++++++================~~~~~~-~~~~~~~~~~~~~~~~~~~~~~~~~~~~~~~
~~~~~~~~~~~~~~~~~~~~~~~~==*****+++++++++++++++~~~~~~~~~~~~~~~~~~~~~--~~~~~~~~~~~~~~~~~~~~~~~~~~~~~~~
~~~~~~~~~~~~~~~~~~~~~~~~==*******+++++++++++++-----------------------~~~~~~~~~~~~~~~~~~~~~~~~~~~~~~~
~~~~~~~~~~~~~~~~~~~~~~~~==*******+++++++++++++.................::::--~~~~~~~~~~~~~~~~~~~~~~~~~~~~~~~
~~~~~~~~~~~~~~~~~~~~~~~~==********++++++++++++.................:::--~~~~~~~~~~~~~~~~~~~~~~~~~~~~~~~~
~~~~~~~~~~~~~~~~~~~~~~~~==********++++++++++++.\..|../.........:::--~~~~~~~~~~~~~~~~~~~~~~~~~~~~~~~~
~~~~~~~~~~~~~~~~~~~~~~~~==********++++++++++++..-.+.-..........:::--~~~~~~~~~~~~~~~~~~~~~~~~~~~~~~~~
~~~~~~~~~~~~~~~~~~~~~~~~==*******+++++++++++++./..|.:\.........:::--~~~~~~~~~~~~~~~~~~~~~~~~~~~~~~~~
~~~~~~~~~~~~~~~~~~~~~~~~==*******+++++++++++++::::::::::::::::.:::---~~~~~~~~~~~~~~~~~~~~~~~~~~~~~~~
~~~~~~~~~~~~~~~~~~~~~~~~==******++++++++++++++~~~~~~~~~~~~~~~~-------~~~~~+****************~~~~~~~~~
~~~~~~~~~~~~~~~~~~~~~~~~==****++++++++++++++++~~~~~~~~~~~~~~~~~~~~---~~~~~++++++++++++++++**********
~~~~~~~~~~~~~~~~~~~=======***+++++++++++++++++===========================~++++++++++++++++++++++++++
==========================++++++++++++++++++++============================++++++++++++++++++++++++++
==========================+++++++++++++++++++++++++++++++++++++++=========++++++++++++++++++++++++++
===============+++++++++==++++++++++++++++++++++++++++++++++++++++++++++++++++++++++++++++++++++++++
==++++++++++++++++++++++===+++++++++++++++++++++++++++++++++++++++++++++++++++++++++++++++++++++++++
+++++++++++++++++++++++++==+++++++++++++++++++++++++++++++++++++++++++++++++++++++++++++++++++++++++
++++++++++++++++++++++++++=+++++++++++++++++++++++++++++++++++++++++++++++++++++++++++++++++++++++++
++++++++++++++++++++++++++++++++++++****************************++++++++++++++++++++++++++++++++++++
++++++++++++++++++++++****************************************************++++++++++++++++++++++++++
+OBJECTIVE: eliminate all 5 enemies******************************************+++++++++++++++++++++++
+Hit  28m************************************************************************+++++++++++++++++++
*(-12.7, 0.0, -7.3) GROUND  t=0s*****************************************************+++++++++++++++
[H*HP ==================== 100******************ENEMY 5/5**************************AMMO 10/12  RSV 48*
+++++******************************************************************************************+++++
+++++++++++++**************************************************************************+++++++++++++
++++++++++++++++++++++++****************************************************++++++++++++++++++++++++
++++++++++++++++++++++++=+++++++++++++++++****************++++++++++++++++++++++++++++++++++++++++++
++++++++++++++++++++++++=***++++++++++++++++++++++++++++++++++++++++++++++++++++++++++++++++++++++++
+++++++++++++++++++++++==******+++++++++++++++++++++++++++++++++++++++++++++++++++++++++++++++++++++
======+++++++++++++++++==********+++++++++++++++++++++++++++++++++++++++++++++++++++++++++++++======
======================+==**********+++++++++++++++++++++++++++++++++++++++++++===================~~~
=========================************+++++++++=========================================~~~~~~~~~~~~~
~~~~~~~~~================*************++++++++===============================~~~~~~~~~~~~~~~~~~~~~~~
~~~~~~~~~~~~~~~~~~~~~~~==**************+++++++================~~~~~-~~~~~~~~~~~~~~~~~~~~~~~~~~~~~~~~
~~~~~~~~~~~~~~~~~~~~~~~==***************++++++~~~~~~~~~~~~~~~~~~~~~-~~~~~~~~~~~~~~~~~~~~~~~~~~~~~~~~
~~~~~~~~~~~~~~~~~~~~~~~==****************+++++----------------------~~~~~~~~~~~~~~~~~~~~~~~~~~~~~~~~
~~~~~~~~~~~~~~~~~~~~~~~==****************+++++.................::::-~~~~~~~~~~~~~~~~~~~~~~~~~~~~~~~~
~~~~~~~~~~~~~~~~~~~~~~~==****************+++++.................-:::~~~~~~~~~~~~~~~~~~~~~~~~~~~~~~~~~
~~~~~~~~~~~~~~~~~~~~~~~==****************+++++.\..|../.........-:::~~~~~~~~~~~~~~~~~~~~~~~~~~~~~~~~~
~~~~~~~~~~~~~~~~~~~~~~~==****************+++++..-*+.-..........-:::~~~~~~~~~~~~~~~~~~~~~~~~~~~~~~~~~
~~~~~~~~~~~~~~~~~~~~~~~==****************+++++./..|.:\.........::::-~~~~~~~~~~~~~~~~~~~~~~~~~~~~~~~~
~~~~~~~~~~~~~~~~~~~~~~~==****************+++++::::::::::::::::.::::-~~~~~~~~~~~~~~~~~~~~~~~~~~~~~~~~
~~~~~~~~~~~~~~~~~~~~~~~==***************++++++~~~~~~~~~~~~~~~~~-----~~~~~~~~~~~***********~~~~~~~~~~
~~~~~~~~~~~~~~~~~~~~~~~==**************+++++++~~~~~~~~~~~~~~~~~~~~~-~~~~~~~+++++++++++++************
~~~~~~~~~~~~~~~~~~~======*************++++++++==========================~~~+++++++++++++++++++++++++
=========================************+++++++++=============================+++++++++++++++++++++++++
=========================***********+++++++++++++++++++++++++++++==========+++++++++++++++++++++++++
===============++++++++==*********++++++++++++++++++++++++++++++++++++++++++++++++++++++++++++++++++
==+++++++++++++++++++++==******+++++++++++++++++++++++++++++++++++++++++-+++++++++++++++++++++++++++
++++++++++++++++++++++++=****++++++++++++++++++++++++++++++++++++++++++++---++++++++++++++++++++++++
++++++++++++++++++++++++=++++++++++++++++++++++++++++++++++++++++++++++++++--+++++++++++++++++++++++
++++++++++++++++++++++++++++++++++++****************************++++++++++++++++++++++++++++++++++++
+OBJECTIVE: eliminate all 5 enemies****************************************+++++++++++++++++++++++++
+Hit  28m+++***************************************************************+++++++++++++++++++++++++
+Hit  27m**********************************************************************+++++++++++++++++++++
*(-12.6, 0.0, -7.2) GROUND  t=0s***************************************************+++++++++++++++++
[H*HP ==================== 100******************ENEMY 5/5**************************AMMO 10/12  RSV 48*
+++++******************************************************************************************+++++
+++++++++++++**************************************************************************+++++++++++++
++++++++++++++++++++++++****************************************************++++++++++++++++++++++++
++++++++++++++++++++++++************++++++****************++++++++++++++++++++++++++++++++++++++++++
++++++++++++++++++++++=+**************++++++++++++++++++++++++++++++++++++++++++++++++++++++++++++++
++++++++++++++++++++++=+***************+++++++++++++++++++++++++++++++++++++++++++++++++++++++++++++
======++++++++++++++++=+*****************+++++++++++++++++++++++++++++++++++++++++++++++++++++======
=======================+******************++++++++++++++++++++++++++++++++++++==================~~~~
=======================+*******************+++========================================~~~~~~~~~~~~~~
~~~~~~~~~==============+********************++==============================~~~~~~~~~~~~~~~~~~~~~~~~
~~~~~~~~~~~~~~~~~~~~~~=+*********************+================~~~~~~~~~~~~~~~~~~~~~~~~~~~~~~~~~~~~~~
~~~~~~~~~~~~~~~~~~~~~~=+**********************~~~~~~~~~~~~~~~~~~~~~~~~~~~~~~~~~~~~~~~~~~~~~~~~~~~~~~
~~~~~~~~~~~~~~~~~~~~~~=+**********************---------------------~~~~~~~~~~~~~~~~~~~~~~~~~~~~~~~~~
~~~~~~~~~~~~~~~~~~~~~~=+**********************................:-:::~~~~~~~~~~~~~~~~~~~~~~~~~~~~~~~~~
~~~~~~~~~~~~~~~~~~~~~~=+**********************................:-:::~~~~~~~~~~~~~~~~~~~~~~~~~~~~~~~~~
~~~~~~~~~~~~~~~~~~~~~~=+**********************.\.*|../........:-:::~~~~~~~~~~~~~~~~~~~~~~~~~~~~~~~~~
~~~~~~~~~~~~~~~~~~~~~~=+**********************..-.+.-.........:-:::~~~~~~~~~~~~~~~~~~~~~~~~~~~~~~~~~
~~~~~~~~~~~~~~~~~~~~~~=+**********************./..|.:\........:-:::~~~~~~~~~~~~~~~~~~~~~~~~~~~~~~~~~
~~~~~~~~~~~~~~~~~~~~~~=+**********************:::::::::::::::..-:::~~~~~~~~~~~~~~~~~~~~~~~~~~~~~~~~~
~~~~~~~~~~~~~~~~~~~~~~=+**********************~~~~~~~~~~~~~~~~~----~~~~~~~~~~~~~~~~~****~~~~~~~~~~~~
~~~~~~~~~~~~~~~~~~~~~~=+*********************+~~~~~~~~~~~~~~~~~~~~~~~~~~~~~~~++++++++***************
~~~~~~~~~~~~~~~~~~~====+*********************+==========================~~~~~+++++++++++++++++++++++
=======================+********************++===============================+++++++++++++++++++++++
=======================+******************+++++++++++++++++++++++============+++++++++++++++++++++++
===============+++++++=+*****************+++++++++++++++++++++++++++++++++++++++++++++++++++++++++++
==++++++++++++++++++++==****************++++++++++++++++++++++++++++++++++++++++++++++++++++++++++++
++++++++++++++++++++++==**************++++++++++++++++++++++++++++++++++++++++++++++++++++++++++++++
+++++++++++++++++++++++=************++++++++++++++++++++++++++++++++++++++++++++++++++++++++++++++++
+++++++++++++++++++++++=**********++****************************++++++++++++++++++++++++++++++++++++
+OBJECTIVE: eliminate all 5 enemies******************************************+++++++++++++++++++++++
+Hit  28m+++*****************************************************************+++++++++++++++++++++++
+Hit  27m********************************************************************+++++++++++++++++++++++
*(-12.4, 0.0, -7.1) GROUND  t=0s************************************************++++++++++++++++++++
[H*HP ==================== 100******************ENEMY 5/5**************************AMMO 10/12  RSV 48*
+++++******************************************************************************************+++++
+++++++++++++**************************************************************************+++++++++++++
++++++++++++++++++++++******************************************************++++++++++++++++++++++++
+++++++++++++++++++++=************************************++++++++++++++++++++++++++++++++++++++++++
+++++++++++++++++++++=**********************++++++++++++++++++++++++++++++++++++++++++++++++++++++++
++++++++++++++++++++==***********************+++++++++++++++++++++++++++++++++++++++++++++++++++++++
======++++++++++++++==***********************+++++++++++++++++++++++++++++++++++++++++++++++++======
======================***********************+++++++++++++++++++++++++++++++++=================~~~~~
======================***********************========================================~~~~~~~~~~~~~~~
~~~~~~~~~============+***********************==============================~~~~~~~~~~~~~~~~~~~~~~~~~
~~~~~~~~~~~~~~~~~~~~~+***********************=================~~~~~~~~~~~~~~~~~~~~~~~~~~~~~~~~~~~~~~
~~~~~~~~~~~~~~~~~~~~~+***********************~~~~~~~~~~~~~~~~~~~~~~~~~~~~~~~~~~~~~~~~~~~~~~~~~~~~~~~
~~~~~~~~~~~~~~~~~~~~~+***********************-----------------------~~~~~~~~~~~~~~~~~~~~~~~~~~~~~~~~
~~~~~~~~~~~~~~~~~~~~~+***********************.................:--:::~~~~~~~~~~~~~~~~~~~~~~~~~~~~~~~~
~~~~~~~~~~~~~~~~~~~~~+***********************.................:--:::~~~~~~~~~~~~~~~~~~~~~~~~~~~~~~~~
~~~~~~~~~~~~~~~~~~~~~+***********************..\.*|../........:--:::~~~~~~~~~~~~~~~~~~~~~~~~~~~~~~~~
~~~~~~~~~~~~~~~~~~~~~+***********************...-.+.-.........:--:::~~~~~~~~~~~~~~~~~~~~~~~~~~~~~~~~
~~~~~~~~~~~~~~~~~~~~~=***********************../..|.:\........:--:::~~~~~~~~~~~~~~~~~~~~~~~~~~~~~~~~
~~~~~~~~~~~~~~~~~~~~~=***********************::::::::::::::::.:--:::~~~~~~~~~~~~~~~~~~~~~~~~~~~~~~~~
~~~~~~~~~~~~~~~~~~~~~=************************~~~~~~~~~~~~~~~~~----~~~~~~~~~~~~~~~~~~~~~~~~~~~~~~~~~
~~~~~~~~~~~~~~~~~~~~~=************************~~~~~~~~~~~~~~~~~~~~~~~~~~~~~~~~~++++*****************
~~~~~~~~~~~~~~~~~~~===************************=========================~~~~~~~~++++++++++++++++++***
======================************************=================================+++++++++++++++++++++
======================************************++++++++++++++++++++=============+++++++++++++++++++++
===============++++++=************************++++++++++++++++++++++++++++++++++++++++++++++++++++++
==+++++++++++++++++++=************************++++++++++++++++++++++++++++++++++++++++++++++++++++++
+++++++++++++++++++++=+*********************++++++++++++++++++++++++++++++++++++++++++++++++++++++++
+++++++++++++++++++++=+********************+++++++++++++++++++++++++++++++++++++++++++++++++++++++++
+++++++++++++++++++++++*****************************************++++++++++++++++++++++++++++++++++++
+OBJECTIVE: eliminate all 5 enemies*******************************************++++++++++++++++++++++
+Hit  28m+++*******************************************************************+++++++++++++++++++++
+Hit  27m**********************************************************************+++++++++++++++++++++
*(-12.2, 0.0, -7.0) GROUND  t=0s***********************************************+++++++++++++++++++++
[H*HP ==================== 100******************ENEMY 5/5**************************AMMO 10/12  RSV 48*
+++++******************************************************************************************+++++
++++++++++++++******+*****************************************************************++++++++++++++
+++++++++++++++++++++*******************************************************++++++++++++++++++++++++
+++++++++++++++++++++*************************************++++++++++++++++++++++++++++++++++++++++++
+++++++++++++++++++=+************************+++++++++++++++++++++++++++++++++++++++++++++++++++++++
+++++++++++++++++++=+************************+++++++++++++++++++++++++++++++++++++++++++++++++++++++
======+++++++++++++=+************************+++++++++++++++++++++++++++++++++++++++++++++++++======
====================+************************+++++++++++++++++++++++++++++++++================~~~~~~
====================+************************=======================================~~~~~~~~~~~~~~~~
~~~~~~~~~===========+************************==============================~~~~~~~~~~~~~~~~~~~~~~~~~
~~~~~~~~~~~~~~~~~~~=+************************================~~~~~~~~~~~~~~~~~~~~~~~~~~~~~~~~~~~~~~~
~~~~~~~~~~~~~~~~~~~=+************************~~~~~~~~~~~~~~~~~~~~~~~~~~~~~~~~~~~~~~~~~~~~~~~~~~~~~~~
~~~~~~~~~~~~~~~~~~~=+************************-----------------------~~~~~~~~~~~~~~~~~~~~~~~~~~~~~~~~
~~~~~~~~~~~~~~~~~~~=+************************.................::--::~~~~~~~~~~~~~~~~~~~~~~~~~~~~~~~~
~~~~~~~~~~~~~~~~~~~=+************************....'............::--::~~~~~~~~~~~~~~~~~~~~~~~~~~~~~~~~
~~~~~~~~~~~~~~~~~~~=+************************..\-*|../........::--::~~~~~~~~~~~~~~~~~~~~~~~~~~~~~~~~
~~~~~~~~~~~~~~~~~~~=+************************...-,+.-.........::--::~~~~~~~~~~~~~~~~~~~~~~~~~~~~~~~~
~~~~~~~~~~~~~~~~~~~=+************************../..|.:\........::--::~~~~~~~~~~~~~~~~~~~~~~~~~~~~~~~~
~~~~~~~~~~~~~~~~~~~=+************************::------:::::::::::--::~~~~~~~~~~~~~~~~~~~~~~~~~~~~~~~~
~~~~~~~~~~~~~~~~~~~=+************************~~~~~~~~~~~~~~~~~~~----~~~~~~~~~~~~~~~~~~~~~~~~~~~~~~~~
~~~~~~~~~~~~~~~~~~~=+************************~~~~~~~~~~~~~~~~~~~~~~~~~~~~~~~~~~~~*******************
~~~~~~~~~~~~~~~~~~~=+************************=========================~~~~~~~~~~~+++++++++++++******
====================+************************===================================~+++++++++++++++++++
====================+************************+++++++++++++++++++++===============+++++++++++++++++++
===============++++=+************************+++++++++++++++++++++++++++++++++++++++++++++++++++++++
==+++++++++++++++++++************************+++++++++++++++++++++++++++++++++++++++++++++++++++++++
+++++++++++++++++++++************************+++++++++++++++++++++++++++++++++++++++++++++++++++++++
+++++++++++++++++++++************************+++++++++++++++++++++++++++++++++++++++++++++++++++++++
+++++++++++++++++++++*******************************************++++++++++++++++++++++++++++++++++++
+OBJECTIVE: eliminate all 5 enemies*******************************************++++++++++++++++++++++
+Hit  28m+++*********************************************************************+++++++++++++++++++
+Hit  27m************************************************************************+++++++++++++++++++
*(-12.1, 0.0, -6.9) GROUND  t=0s*************************************************+++++++++++++++++++
[H*HP ==================== 100******************ENEMY 5/5**************************AMMO 10/12  RSV 48*
+++++*************+****************************************************************************+++++
++++++++++++++****+*******************************************************************++++++++++++++
+++++++++++++++++++*********************************************************++++++++++++++++++++++++
+++++++++++++++++++**************************************+++++++++++++++++++++++++++++++++++++++++++
+++++++++++++++++++**************************+++++++++++++++++++++++++++++++++++++++++++++++++++++++
+++++++++++++++++++**************************+++++++++++++++++++++++++++++++++++++++++++++++++++++++
======+++++++++++++**************************+++++++++++++++++++++++++++++++++++++++++++++++++======
==================+**************************+++++++++++++++++++++++++++++++++===============~~~~~~~
==================+**************************======================================~~~~~~~~~~~~~~~~~
~~~~~~~~~=========+**************************=============================~~~~~~~~~~~~~~~~~~~~~~~~~~
~~~~~~~~~~~~~~~~~~+**************************================~~~~~~~~~~~~~~~~~~~~~~~~~~~~~~~~~~~~~~~
~~~~~~~~~~~~~~~~~~+**************************~~~~~~~~~~~~~~~~~~~~~~~~~~~~~~~~~~~~~~~~~~~~~~~~~~~~~~~
~~~~~~~~~~~~~~~~~~+**************************-----------------------~~~~~~~~~~~~~~~~~~~~~~~~~~~~~~~~
~~~~~~~~~~~~~~~~~~+**************************.................::---:~~~~~~~~~~~~~~~~~~~~~~~~~~~~~~~~
~~~~~~~~~~~~~~~~~~+**************************....'............::---:~~~~~~~~~~~~~~~~~~~~~~~~~~~~~~~~
~~~~~~~~~~~~~~~~~~+**************************..\-*|../........::---:~~~~~~~~~~~~~~~~~~~~~~~~~~~~~~~~
~~~~~~~~~~~~~~~~~~+**************************...-,+.-.........::---:~~~~~~~~~~~~~~~~~~~~~~~~~~~~~~~~
~~~~~~~~~~~~~~~~~~+**************************../..|.:\........::---:~~~~~~~~~~~~~~~~~~~~~~~~~~~~~~~~
~~~~~~~~~~~~~~~~~~+**************************----------:::::::::---:~~~~~~~~~~~~~~~~~~~~~~~~~~~~~~~~
~~~~~~~~~~~~~~~~~~+**************************~~~~~~~~~~~~~~~~~~~----~~~~~~~~~~~~~~~~~~~~~~~~~~~~~~~~
~~~~~~~~~~~~~~~~~~+**************************~~~~~~~~~~~~~~~~~~~~~~~~~~~~~~~~~~~~~~~~~~~***********~
~~~~~~~~~~~~~~~~~~+**************************=========================~~~~~~~~~~~~~++++++++*********
==================+**************************==================================~~~~+++++++++++++++++
==================+**************************+++++++++++++++++++++=================+++++++++++++++++
===============++++**************************+++++++++++++++++++++++++++++++++++++++++++++++++++++++
=++++++++++++++++++**************************+++++++++++++++++++++++++++++++++++++++++++++++++++++++
+++++++++++++++++++**************************+++++++++++++++++++++++++++++++++++++++++++++++++++++++
++++++++++++++++++=**************************+++++++++++++++++++++++++++++++++++++++++++++++++++++++
++++++++++++++++++=*********************************************++++++++++++++++++++++++++++++++++++
+OBJECTIVE: eliminate all 5 enemies*******************************************++++++++++++++++++++++
+Hit  28m+++***********************************************************************+++++++++++++++++
+Hit  27m**************************************************************************+++++++++++++++++
*(-11.9, 0.0, -6.8) GROUND  t=0s***************************************************+++++++++++++++++
[H*HP ==================== 100******************ENEMY 4/5***************************AMMO 9/12  RSV 48*
+++++******************************************************************************************+++++
++++++++++++++************************************************************************++++++++++++++
++++++++++++++++************************************************************++++++++++++++++++++++++
++++++++++++++++*****************************************+++++++++++++++++++++++++++++++++++++++++++
+++++++++++++++++****************************+++++++++++++++++++++++++++++++++++++++++++++++++++++++
+++++++++++++++++****************************+++++++++++++++++++++++++++++++++++++++++++++++++++++++
=======++++++++++****************************++++++++++++++++++++++++++++++++++++++++++++++++=======
================+****************************+++++++++++++++++++++++++++++++++=============~~~~~~~~~
================+****************************=====================================~~~~~~~~~~~~~~~~~~
~~~~~~~~~=======+****************************============================~~~~~~~~~~~~~~~~~~~~~~~~~~~
~~~~~~~~~~~~~~~~+****************************================~~~~~~~~~~~~~~~~~~~~~~~~~~~~~~~~~~~~~~~
~~~~~~~~~~~~~~~~+****************************~~~~~~~~~~~~~~~~~~~~~~~~~~~~~~~~~~~~~~~~~~~~~~~~~~~~~~~
~~~~~~~~~~~~~~~~+****************************------------------------~~~~~~~~~~~~~~~~~~~~~~~~~~~~~~~
~~~~~~~~~~~~~~~~+****************************.................::----:~~~~~~~~~~~~~~~~~~~~~~~~~~~~~~~
~~~~~~~~~~~~~~~~+****************************....'............::----:~~~~~~~~~~~~~~~~~~~~~~~~~~~~~~~
~~~~~~~~~~~~~~~~=****************************..\-*|../........::----:~~~~~~~~~~~~~~~~~~~~~~~~~~~~~~~
~~~~~~~~~~~~~~~~=****************************...-,+.-.........::----:~~~~~~~~~~~~~~~~~~~~~~~~~~~~~~~
~~~~~~~~~~~~~~~~=****************************../..|.:\:.......::----:~~~~~~~~~~~~~~~~~~~~~~~~~~~~~~~
~~~~~~~~~~~~~~~~~****************************-----------::::::::----:~~~~~~~~~~~~~~~~~~~~~~~~~~~~~~~
~~~~~~~~~~~~~~~~~****************************~~~~~~~~~~~~~~~~~~~-----~~~~~~~~~~~~~~~~~~~~~~~~~~~~~~~
~~~~~~~~~~~~~~~~~****************************~~~~~~~~~~~~~~~~~~~~~~~~~~~~~~~~~~~~~~~~~~~~~~~~~~**~~~
~~~~~~~~~~~~~~~~~****************************========================~~~~~~~~~~~~~~~~~++************
=================****************************=================================~~~~~~~~++++++++++++++
=================****************************+++++++++++++++++++++====================++++++++++++++
===============++****************************++++++++++++++++++++++++++++++++++++++++=++++++++++++++
=++++++++++++++++****************************+++++++++++++++++++++++++++-+++++++++++++++++++++++++++
+++++++++++++++++****************************++++++++++++++++++++++++++++---++++++++++++++++++++++++
+++++++++++++++++****************************++++++++++++++++++++++++++++++--+++++++++++++++++++++++
+++++++++++++++++***********************************************++++++++++++++++++++++++++++++++++++
+Hit  28m++++++++*************************************************************++++++++++++++++++++++
+Hit  27m+++**************************************************************************++++++++++++++
+KILL!  4 left************************************************************************++++++++++++++
*(-11.8, 0.0, -6.7) GROUND  t=0s******************************************************++++++++++++++
[H*HP ==================== 100******************ENEMY 4/5***************************AMMO 9/12  RSV 48*
+*******************************************************************************************++++++++
+**********************************************************************************+++++++++++++++++
++********************************************************************++++++++++++++++++++++++++++++
++**********************************++++++++++++++++++++++++++++++++++++++++++++++++++++++++++++++++
++**********************************++++++++++++++++++++++++++++++++++++++++++++++++++++++++++++++++
++**********************************++++++++++++++++++++++++++++++++++++++++++++++++++++++++++++++++
==**********************************++++++++++++++++++++++++++++++++++++++++++++++++++++====~~~~~~==
==**********************************++++++++++++++++++++++++++++++++++============~~~~~~~~~~~~~~====
==**********************************=====================================~~~~~~~~~~~~~~~~~~~~~~=====
~~**********************************===========================~~~~~~~~~~~~~~~~~~~~~~~~~~~~~~=======
~~**********************************~~~~~~~~~~~~~~~~~~~~~~~~~~~~~~~~~~~~~~~~~~~~~~~~~~~~~~~~========
~~**********************************~~~~~~~~~~~~~~~~~~~~~~~~~~~~~~~~~~~~~~~~~~~~~~~~~~~~~~~~========
~~**********************************:::::::::::::::::::::::----~~~~~~~~~~~~~~~~~~~~~~~~~~~~=========
~~**********************************.....................::----~~~~~~~~~~~~~~~~~~~~~~~~~~~~=========
~~**********************************........'............::----~~~~~~~~~~~~~~~~~~~~~~~~~~~==========
~~***********************************......-*-.\..|../...::----~~~~~~~~~~~~~~~~~~~~~~~~~~~==========
~~***********************************.......,..:-.+.-....::----~~~~~~~~~~~~~~~~~~~~~~~~~~~==========
~~***********************************........../:.|..\...::----~~~~~~~~~~~~~~~~~~~~~~~~~~~~=========
~~***********************************--------------------------~~~~~~~~~~~~~~~~~~~~~~~~~~~~=========
~~***********************************~~~~~~~~~~~~~~~~~~~~~~~~~~~~~~~~~~~~~~~~~~~~~~~~~~~~~~~========
~~***********************************~~~~~~==============~~~~~~~~~~~~~~~~~~~~~~~~~~~~~~******=======
~~***********************************=============================~~~~~~~~~~~~~++*******************
==***********************************======================================~~~~+++++*********#####**
==***********************************+++++++++++++++++++++++++++++++++++++=====++++++***************
==***********************************+++++++++++++++++++++++++++++++++++++++++++++++++**************
++***********************************++++++++++++++++++++++++++++++++++++++++++++++++++*************
+++**********************************++++++++++++++++++++++++++++++++++++++++++++++++++++***********
+++**********************************+++++++++++++++++++++++++++++++++++++++++++++++++++++**********
+++********************************************************************+++++++++++++++++++++********
+Hit  28m**********************************************************************+++++++++++++++******
+Hit  27m**********************************************************************+++++++++++++++++****
+KILL!  4 left*****************************************************************+++++++++++++++++++**
*(-11.6, 0.0, -6.5) GROUND  t=0s***********************************************+++++++++++++++++++++
[H*HP ==================== 100******************ENEMY 4/5***************************AMMO 9/12  RSV 48*
********************************************************************************************++++++++
**********************************************************************************++++++++++++++++++
**************************++++****************************************++++++++++++++++++++++++++++++
**************************++++++++++++++++++++++++++++++++++++++++++++++++++++++++++++++++++++++++++
**************************++++++++++++++++++++++++++++++++++++++++++++++++++++++++++++++++++++++++++
**************************+++++++++++++++++++++++++++++++++++++++++++++++++++++++++++++++++++++=====
**************************+++++++++++++++++++++++++++++++++++++++++++++++++++++++++++===============
**************************====++++++++++++++++++++++++++++++++++++++++======~~~~====================
***************************=======================================~~~~~~~~~~~~~=====================
***************************==============================~~~~~~~~~~~~~~~~~~~~~======================
***************************~~~~~~~~~~~~~~~~~~~~~~~~~~~~~~~~~~~~~~~~~~~~~~~~~~~======================
***************************-----------~~~~~~~~~~~~~~~~~~~~~~~~~~~~~~~~~~~~~~~=======================
***************************::::::::::::::::::::::::::----~~~~~~~~~~~~~~~~~~~~=======================
***************************:::.....................::----~~~~~~~~~~~~~~~~~~~========================
***************************:::.....................::----~~~~~~~~~~~~~~~~~~~========================
***************************:::.........*.......\..|::/---~~~~~~~~~~~~~~~~~~~========================
***************************:::............::....-.+:-----~~~~~~~~~~~~~~~~~~~========================
***************************:::............::.../..|::\---~~~~~~~~~~~~~~~~~~~========================
***************************------------------------------~~~~~~~~~~~~~~~~~~~~=======================
***************************~~~~~~~~~~~~~~~~~~~~~~~~~~~~~~~~~~~~~~~~~~~~~~~~~~=======================
***************************~~~~~~~~~~~~~~~===============~~~~~~~~~~~~~~~~~~~~~======================
***************************================================~~~~~~~~~~~~~~~~~###*******************==
***************************==========================================~~~~******###################**
***************************++++++++++++++++++++++++++++++++++++++++++++++*****************##########
***************************++++++++++++++++++++++++++++++++++++++++++++++***************************
***************************++++++++++++++++++++++++++++++++++++++++++++++***************************
***************************++++++++++++++++++++++++++++++++++++++++++++++***************************
***************************++++++++++++++++++++++++++++++++++++++++++++++***************************
***************************++******************************************++***************************
*Hit  28m*******************************************************************************************
*Hit  27m*******************************************************************************************
*KILL!  4 left**************************************************************************************
*(-11.5, 0.0, -6.2) GROUND  t=1s*****************************************+**************************
[H*HP ==================== 100******************ENEMY 4/5***************************AMMO 9/12  RSV 48*
********************************************************************************************++++++++
**************++++****************************************************************++++++++++++++++++
**************++++++++++++++++****************************************++++++++++++++++++++++++++++++
**************++++++++++++++++++++++++++++++++++++++++++++++++++++++++++++++++++++++++++++++++++++++
**************++++++++++++++++++++++++++++++++++++++++++++++++++++++++++++++++++++++++++++++++++++==
**************++++++++++++++++++++++++++++++++++++++++++++++++++++++++++++++++++++++++++============
**************++++++++++++++++++++++++++++++++++++++++++++++++++++++++++++++++======================
**************=================++++++++++++++++++++++++++++++++++++++===============================
**************=============================================~~~~~~~~=================================
**************~~~===================================~~~~~~~~~~~~~~~=================================
**************~~~~~~~~~~~~~~~~~~~~~~~~~~~~~~~~~~~~~~~~~~~~~~~~~~~~==================================
**************-------------------------~~~~~~~~~~~~~~~~~~~~~~~~~~~==================================
**************::::::.:::::::::::::::::::::::::::----~~~~~~~~~~~~~===================================
**************.......:::......................::----~~~~~~~~~~~~~===================================
**************.......:::.........'............::----~~~~~~~~~~~~~===================================
**************.......:::........-*-...........:\--|-~/~~~~~~~~~~~===================================
**************.......:::.........,..:::.......::--+--~~~~~~~~~~~~===================================
**************.......:::............:::.......:/--|-~\~~~~~~~~~~~===================================
**************:::::---------------------------------~~~~~~~~~~~~~===================================
**************=====-~~~~~~~~~~~~~~~~~~~~~~~~~~~~~~~~~~~~~~~~~~~~~~==================================
**************=====~~~~~~~~~~~~~~~~~~~~~===========~~~~~~~~~~~~~~~==================================
***************=====================================~~~~~~~~~~~~~~~=====########******==============
***************===============================================~~~~#################################*
***************==========++++++++++++++++++++++++++++++++++++++++********###########################
***************++++++++++++++++++++++++++++++++++++++++++++++++++******************#################
***************++++++++++++++++++++++++++++++++++++++++++++++++++***************************########
***************++++++++++++++++++++++++++++++++++++++++++++++++++***********************************
***************++++++++++++++++++++++++++++++++++++++++++++++++++***********************************
***************++++++++++++++***********************************************************************
*Hit  28m******+++**********************************************************************************
*Hit  27m*******************************************************************************************
*KILL!  4 left**************************************************************************************
*(-11.4, 0.0, -5.9) GROUND  t=1s********************************************************************
[H+HP ==================== 100******************ENEMY 4/5***************************AMMO 9/12  RSV 48+
+++++++++**********************************************************************************+++++++++
++++++++++++++++++****************************************************************++++++++++++++++++
++++++++++++++++++++++++++++++****************************************++++++++++++++++++++++++++++++
++++++++++++++++++++++++++++++++++++++++++++++++++++++++++++++++++++++++++++++++++++++++++++++++++++
+++++++++++++++++++++++++++++++++++++++++++++++++++++++++++++++++++++++++++++++++++++++++++=========
+++++++++++++++++++++++++++++++++++++++++++++++++++++++++++++++++++++++++++++++++===================
============+++++++++++++++++++++++++++++++++++++++++++++++++++++++++++=============================
===============================++++++++++++++++++++++++++++++=======================================
===================================================~~~~~~===========================================
~~~~~~~~~~~~~~~~~~===========================~~~~~~~~~~~~===========================================
--~~~~~~~~~~~~~~~~~~~~~~~~~~~~~~~~~~~~~~~~~~~~~~~~~~~~~~============================================
----------------------------------------~~~~~~~~~~~~~~~~============================================
........::...:::::::::::::::::::::::::::::---~~~~~~~~~~=============================================
.............::::.......................::---~~~~~~~~~~=============================================
====.........::::.......................::---~~~~~~~~~~=============================================
====.........::::..........%............::---~~\~~|~~/~=============================================
====.........::::.............:::.......::---~~~-~+~-~~=============================================
====.........::::.............:::.......::---~~/~~|~~\~=============================================
====::::::::::::::---------------------------~~~~~~~~~~~============================================
=========----------~~~~~~~~~~~~~~~~~~~~~~~~~~~~~~~~~~~~~============================================
=========~~~~~~~~~~~~~~~~~~~~~~~~~~~~~~======~~~~~~~~~~~============================================
=========~===================================~~~~~~~~~~~~===========####============================
======================================================~~~~=====#######################==============
=========================+++++++++++++++++++++++++++++++++##########################################
=========+++++++++++++++++++++++++++++++++++++++++++++++******######################################
++++++++++++++++++++++++++++++++++++++++++++++++++++++++***************#############################
++++++++++++++++++++++++++++++++++++++++++++++++++++++++************************####################
++++++++++++++++++++++++++++++++++++++++++++++++++++++++********************************############
+++++++++++++++++++++++++++++********************************************************************###
+Hit  28m++++++++***********************************************************************************
+Hit  27m*******************************************************************************************
+KILL!  4 left**************************************************************************************
*(-11.4, 0.0, -5.6) GROUND  t=1s********************************************************************
[H+HP ==================== 100******************ENEMY 4/5***************************AMMO 9/12  RSV 48+
+++++++++**********************************************************************************+++++++++
++++++++++++++++++****************************************************************++++++++++++++++++
+++++++++++++++++++++++++++++++**************************************+++++++++++++++++++++++++++++++
++++++++++++++++++++++++++++++++++++++++++++++++++++++++++++++++++++++++++++++++++++++++++++++======
+++++++++++++++++++++++++++++++++++++++++++++++++++++++++++++++++++++++++++++++++++=================
+++++++++++++++++++++++++++++++++++++++++++++++++++++++++++++++++++++++++===========================
=============+++++++++++++++++++++++++++++++++++++++++++++++++======================================
================================++++++++++++++++++++================================================
=========================================~~~~~~~====================================================
~~~~~~~~~~~~~~~~~~=====================~~~~~~~~=====================================================
---~~~~~~~~~~~~~~~~~~~~~~~~~~~~~~~~~~~~~~~~~~~~=====================================================
---------------------------------------~~~~~~~~=====================================================
.....::::::::::::::::::::::::::::::::--~~~~~~~======================================================
.....::::.........................:::--~~~~~~~======================================================
.....::::............'............:::--~~~~~~~======================================================
.....::::...........-*-...........:::--~~~~~~~=\==|==/==============================================
.....::::............,..:::.......:::--~~~~~~~==-=+=-===============================================
.....::::...............:::.......:::--~~~~~~~=/==|==\==============================================
::::::::::::::::::----------------:::--~~~~~~~======================================================
-------------------~~~~~~~~~~~~~~~~~~~~~~~~~~~~=====================================================
~~~~~~~~~~~~~~~~~~~~~~~~~~~~~~~~~~~~~~=~~~~~~~~=====================================================
~~~~~~~~~~=============================~~~~~~~~~====================================================
=============================================~~~===========#########================================
========================++++++++++++++++++++++++++++++############################==================
=========++++++++++++++++++++++++++++++++++++++++##############################################=====
+++++++++++++++++++++++++++++++++++++++++++++#######################################################
+++++++++++++++++++++++++++++++++++++++++++++********###############################################
+++++++++++++++++++++++++++++++++++++++++++++***************########################################
++++++++++++++++++++++++++++***************************************#################################
+Hit  28m++++++++*********************************************************##########################
+Hit  27m*************************************************************************##################
+KILL!  4 left***************************************************************************###########
*(-11.3, 0.0, -5.3) GROUND  t=1s***************************************************************#####
[H+HP ==================== 100******************ENEMY 4/5***************************AMMO 9/12  RSV 48+
+++++++++**********************************************************************************+++++++++
++++++++++++++++++****************************************************************++++++++++++++++++
+++++++++++++++++++++++++++++++**************************************++++++++++++++++++++++++++++===
++++++++++++++++++++++++++++++++++++++++++++++++++++++++++++++++++++++++++++++++++++++==============
+++++++++++++++++++++++++++++++++++++++++++++++++++++++++++++++++++++++++++=========================
+++++++++++++++++++++++++++++++++++++++++++++++++++++++++++++++=====================================
=============+++++++++++++++++++++++++++++++++++++++================================================
================================+++++++++===========================================================
================================~~~~~~~=============================================================
~~~~~~~~~~~~~~~~~~~=============~~~~~~==============================================================
---~~~~~~~~~~~~~~~~~~~~~~~~~~~~~~~~~~~==============================================================
--------------------------------~~~~~~==============================================================
.........:::::::::::::::::::::--~~~~~===============================================================
............................::--~~~~~===============================================================
..............'.............::--~~~~~===============================================================
.............-*-............::--~~~~~==========\==|==/==============================================
..............,:::::........::--~~~~~===========-=+=-===============================================
.................:::........::--~~~~~==========/==|==\==============================================
:::::::::::::::::-----------::--~~~~~~==============================================================
------------------~~~~~~~~~~~~~~~~~~~~==============================================================
~~~~~~~~~~~~~~~~~~~~~~~~~~~~~~~~~~~~~~==============================================================
~~~~~~~~~=======================~~~~~~~=============================================================
===================================~~~~=============================================================
========================++++++++++++++++++++++===###########========================================
=========+++++++++++++++++++++++++++++++++++############################============================
++++++++++++++++++++++++++++++++++++++++#############################################===============
+++++++++++++++++++++++++++++++++++##############################################################===
+++++++++++++++++++++++++++++++#####################################################################
++++++++++++++++++++++++++++***#####################################################################
+Hit  28m++++++++******************##%%%%%%%%%%%%%%%%%%%%%%%%%%%%%%%%%##############################
+Hit  27m***************************######%%%%%%%%%%%%%%%%%%%%%%%%%%%%%%%%%%%%%%%###################
+KILL!  4 left***********************###########%%%%%%%%%%%%%%%%%%%%%%%%%%%%%%%%%%%%%%%%%###########
*(-11.3, 0.0, -5.0) GROUND  t=1s******###############%%%%%%%%%%%%%%%%%%%%%%%%%%%%%%%%%%%%%%%%%%%####
[H+HP ==================== 100******************ENEMY 4/5***************************AMMO 9/12  RSV 48+
+++++++++**********************************************************************************+++++++++
+++++++++++++++++++**************************************************************+++++++++++++++++++
+++++++++++++++++++++++++++++++**************************************+++++++++++++++++++++==========
++++++++++++++++++++++++++++++++++++++++++++++++++++++++++++++++++++++++++++++======================
[...]
==++++++++++++++++++++++++++++++++++===+++++++++++++++++++++++++++++++++++++++++++++++++++++++++++==
++++++++++++++++++++++++++++++++++++++++++++++++++++++++++++++++++++++++++++++++++++++++++++++++++++
++++++++++++++++++++++++++++++++++++++++++++++++++++++++++++++++++++++++++++++++++++++++++++++++++++
++++++++++++++++++++++++++++++++++********************************++++++++++++++++++++++++++++++++++
+++++++++++++++++++++**********************************************************+++++++++++++++++++++
+Reloading...****************************************************************************+++++++++++
+Reloaded****************************************************************************************+++
*Hit  8m********************************************************************************************
*(-3.2, 0.0, -0.2) GROUND  t=6s*********************************************************************
[H+HP ===========          55*******************ENEMY 1/5**************************AMMO 11/12  RSV 36+
+++++++++++++++**********************************************************************+++++++++++++++
++++++++++++++++++++++++++************************************************++++++++++++++++++++++++++
++++++++++++++++++++++++++++++++++++++++++++++++++++++++++++++++++++++++++++++++++++++++++++++++++++
++++++++++++++++++++++++++++++++++++++++++++++++++++++++++++++++++++++++++++++++++++++++++++++++++++
++++++++++++++++++++++++++++++++++++++++++++++++++++++++++++++++++++++++++++++++++++++++++++++++++++
=======+++++++++++++++++++++++++++++======+++++++++++++++++++++++++++++++++++++++++++++++++++=======
======================++++++++++++++=======+++++++++++++++++++++++++++++++++++======================
=======================+++++++++++++================================================================
~~~~~~~~===============+++++++++++++========================================================~~~~~===
~~~~~~~~~~~~===========+++++++++++++============================~~~~~~~~~~~~~~~~~~~~~~~~~~~~~~~~~===
::::~~~~~~~~===========+++++++++++++=======~~~~~~~~~~~~~~~~~~~~~~~~~~~~~~~~~~~~~~~---------------===
::::~~~~~~~~===========+++++++++++++=======---------------~~~~~~~--:--------------:::::::::::::::===
::::~~~~~~~~===========+++++++++++++=======...............~~~~~~~--.........:::::::::::::::::::::===
::::~~~~~+++++++++++++++++++++++++++=======...............~~~~~~---.........:::::::::::::::::::::===
::::~~~~~+++++++++++++++++++++++++++=======......OO:::::::~~~~~~---........::::::::::::::::::::::===
::::-~~~~+++++++++++++++++++++++++++=======....\@@|@:/::--~~~~~~---.........:::::::::::::::::::::===
::::-~~~~+++++++++++++++++++++++++++=======.::::-@+@----::~~~~~~---.........:::::::::::::::::::::===
::::-~~~~+++++++++++++++++++++++++++=======:---/-@|--\::::~~~~~~---::::::::::::::::::::::::::::::===
::::-~~~~+++++++++++++++++++++++++++=======-~~~~~@@~~~~~--~~~~~~-----------%--------------%%-----===
:---~~~~~+++++++++++++++++++++++++++=======~~~~~~@@~~~~~~~~~~~~~~~~~~~%~~%%~~~~~~~~~~~~~~~~~~~~~====
~~~~~~~~~~~+++++++++++++++++++++++++============================================~~~~~~~~~~~~~~~~====
===========+++++++++++++++++++++++++================================================================
===========+++++++++++++++++++++++++=======++++++++++++++++++++++===================================
===========+++++++++++++++++++++++++=======++++++++++++++++++++++++++++++++++++++++++===============
=+++++++++++++++++++++++++++++++++++===++++++++++++++++++++++++++++++++++++++++++++++++++++++++++++=
++++++++++++++++++++++++++++++++++++++++++++++++++++++++++++++++++++++++++++++++++++++++++++++++++++
++++++++++++++++++++++++++++++++++++++++++++++++++++++++++++++++++++++++++++++++++++++++++++++++++++
++++++++++++++++++++++++++++++++++********************************++++++++++++++++++++++++++++++++++
+++++++++++++++++++++**********************************************************+++++++++++++++++++++
+Reloading...****************************************************************************+++++++++++
+Reloaded****************************************************************************************+++
*Hit  8m********************************************************************************************
*(-3.2, 0.0, -0.2) GROUND  t=7s*********************************************************************
[H+HP ===========          55*******************ENEMY 1/5**************************AMMO 11/12  RSV 36+
+++++++++++++++**********************************************************************+++++++++++++++
+++++++++++++++++++++++++++**********************************************+++++++++++++++++++++++++++
++++++++++++++++++++++++++++++++++++++++++++++++++++++++++++++++++++++++++++++++++++++++++++++++++++
++++++++++++++++++++++++++++++++++++++++++++++++++++++++++++++++++++++++++++++++++++++++++++++++++++
++++++++++++++++++++++++++++++++++++++++++++++++++++++++++++++++++++++++++++++++++++++++++++++++++++
=======+++++++++++++++++++++++++++++======+++++++++++++++++++++++++++++++++++++++++++++++++++=======
=======================+++++++++++++=======++++++++++++++++++++++++++++++++++=======================
=======================+++++++++++++================================================================
~~~~~~~~~==============+++++++++++++=======================================================~~~~~~===
~~~~~~~~~~~~===========+++++++++++++===========================~~~~~~~~~~~~~~~~~~~~~~~~~~~~~~~~~~===
::::~~~~~~~~===========+++++++++++++=======~~~~~~~~~~~~~~~~~~~~~~~~~~~~~~~~~~~~~~~---------------===
::::~~~~~~~~===========+++++++++++++=======---------------~~~~~~~--:-------------::::::::::::::::===
::::~~~~~~~~===========+++++++++++++=======...............~~~~~~~--.........:::::::::::::::::::::===
::::~~~~~+++++++++++++++++++++++++++=======...............~~~~~~---.........:::::::::::::::::::::===
::::~~~~~+++++++++++++++++++++++++++=======......OO:::::::~~~~~~---........::::::::::::::::::::::===
::::-~~~~+++++++++++++++++++++++++++=======....\@@|@:/::--~~~~~~---.........:::::::::::::::::::::===
::::-~~~~+++++++++++++++++++++++++++=======.::::-@+@----::~~~~~~---.........:::::::::::::::::::::===
::::-~~~~+++++++++++++++++++++++++++=======:---/-@|--\::::~~~~~~---::::::::::::::::::::::::::::::===
::::-~~~~+++++++++++++++++++++++++++=======~~~~~~@@~~~~~~~~~~~~~-----------%--------------%%-----===
----~~~~~+++++++++++++++++++++++++++=======~~~~~~@@~~~~~~~~~~~~~~~~~~~%~~%%~~~~~~~~~~~~~~~~~~~~~====
~~~~~~~~~~~+++++++++++++++++++++++++=============@@=============================~~~~~~~~~~~~~~~~====
===========+++++++++++++++++++++++++================================================================
===========+++++++++++++++++++++++++=======+++++++++++++++++++++++==================================
===========+++++++++++++++++++++++++=======++++++++++++++++++++++++++++++++++++++++++===============
=+++++++++++++++++++++++++++++++++++===++++++++++++++++++++++++++++++++++++++++++++++++++++++++++++=
++++++++++++++++++++++++++++++++++++++++++++++++++++++++++++++++++++++++++++++++++++++++++++++++++++
++++++++++++++++++++++++++++++++++++++++++++++++++++++++++++++++++++++++++++++++++++++++++++++++++++
+++++++++++++++++++++++++++++++++**********************************+++++++++++++++++++++++++++++++++
++++++++++++++++++++************************************************************++++++++++++++++++++
+Reloading...****************************************************************************+++++++++++
+Reloaded****************************************************************************************+++
*Hit  8m********************************************************************************************
*(-3.2, 0.0, -0.2) GROUND  t=7s*********************************************************************
[H+HP ===========          55*******************ENEMY 1/5**************************AMMO 11/12  RSV 36+
++++++++++++++++********************************************************************++++++++++++++++
+++++++++++++++++++++++++++**********************************************+++++++++++++++++++++++++++
++++++++++++++++++++++++++++++++++++++++++++++++++++++++++++++++++++++++++++++++++++++++++++++++++++
++++++++++++++++++++++++++++++++++++++++++++++++++++++++++++++++++++++++++++++++++++++++++++++++++++
++++++++++++++++++++++++++++++++++++++++++++++++++++++++++++++++++++++++++++++++++++++++++++++++++++
=======+++++++++++++++++++++++++++++======+++++++++++++++++++++++++++++++++++++++++++++++++++=======
=======================+++++++++++++=======++++++++++++++++++++++++++++++++++=======================
=======================+++++++++++++================================================================
~~~~~~~~~==============+++++++++++++=======================================================~~~~~~===
~~~~~~~~~~~~===========+++++++++++++==========================~~~~~~~~~~~~~~~~~~~~~~~~~~~~~~~~~~~===
::::~~~~~~~~===========+++++++++++++=======~~~~~~~~~~~~~~~~~~~~~~~~~~~~~~~~~~~~~~----------------===
::::~~~~~~~~===========+++++++++++++=======---------------~~~~~~~--:-------------::::::::::::::::===
::::~~~~~~~~===========+++++++++++++=======...............~~~~~~~--.........:::::::::::::::::::::===
::::~~~~~+++++++++++++++++++++++++++=======...............~~~~~~---.........:::::::::::::::::::::===
::::~~~~~+++++++++++++++++++++++++++=======......OO:::::::~~~~~~---........::::::::::::::::::::::===
::::-~~~~+++++++++++++++++++++++++++=======....\@@|@:/::--~~~~~~---.........:::::::::::::::::::::===
::::-~~~~+++++++++++++++++++++++++++=======.::::-@+@----::~~~~~~---.........:::::::::::::::::::::===
::::-~~~~+++++++++++++++++++++++++++=======:---/-@|--\::::~~~~~~---::::::::::::::::::::::::::::::===
::::-~~~~+++++++++++++++++++++++++++=======~~~~~~@@~~~~~~~~~~~~~-----------%--------------%%-----===
---~~~~~~+++++++++++++++++++++++++++=======~~~~~~@@~~~~~~~~~~~~~~~~~~~%~~%%~~~~~~~~~~~~~~~~~~~~~====
~~~~~~~~~~~+++++++++++++++++++++++++=============@@==============================~~~~~~~~~~~~~~~====
===========+++++++++++++++++++++++++================================================================
===========+++++++++++++++++++++++++=======+++++++++++++++++++++++==================================
===========+++++++++++++++++++++++++=======+++++++++++++++++++++++++++++++++++++++++++==============
=+++++++++++++++++++++++++++++++++++===++++++++++++++++++++++++++++++++++++++++++++++++++++++++++++=
++++++++++++++++++++++++++++++++++++++++++++++++++++++++++++++++++++++++++++++++++++++++++++++++++++
++++++++++++++++++++++++++++++++++++++++++++++++++++++++++++++++++++++++++++++++++++++++++++++++++++
+++++++++++++++++++++++++++++++++**********************************+++++++++++++++++++++++++++++++++
++++++++++++++++++++************************************************************++++++++++++++++++++
+Reloading...****************************************************************************+++++++++++
+Reloaded****************************************************************************************+++
*Hit  8m********************************************************************************************
*(-3.2, 0.0, -0.2) GROUND  t=7s*********************************************************************
[H+HP ===========          55*******************ENEMY 1/5**************************AMMO 10/12  RSV 36+
++++++++++++++++********************************************************************++++++++++++++++
+++++++++++++++++++++++++++**********************************************+++++++++++++++++++++++++++
++++++++++++++++++++++++++++++++++++++++++++++++++++++++++++++++++++++++++++++++++++++++++++++++++++
++++++++++++++++++++++++++++++++++++++++++++++++++++++++++++++++++++++++++++++++++++++++++++++++++++
++++++++++++++++++++++++++++++++++++++++++++++++++++++++++++++++++++++++++++++++++++++++++++++++++++
========++++++++++++++++++++++++++++======++++++++++++++++++++++++++++++++++++++++++++++++++========
=======================+++++++++++++=======++++++++++++++++++++++++++++++++++=======================
=======================+++++++++++++================================================================
~~~~~~~~~==============+++++++++++++=======================================================~~~~~~===
~~~~~~~~~~~~===========+++++++++++++=========================~~~~~~~~~~~~~~~~~~~~~~~~~~~~~~~~~~~~===
::::~~~~~~~~===========+++++++++++++=======~~~~~~~~~~~~~~~~~~~~~~~~~~~~~~~~~~~~~-----------------===
::::~~~~~~~~===========+++++++++++++=======---------------~~~~~~~--:------------:::::::::::::::::===
::::~~~~~~~~===========+++++++++++++=======...............~~~~~~~--.........:::::::::::::::::::::===
::::~~~~~+++++++++++++++++++++++++++=======...............~~~~~~---.........:::::::::::::::::::::===
::::~~~~~+++++++++++++++++++++++++++=======......OO:::::::~~~~~~---........::::::::::::::::::::::===
::::-~~~~+++++++++++++++++++++++++++=======....\@@|@:/::--~~~~~~---.........:::::::::::::::::::::===
::::-~~~~+++++++++++++++++++++++++++=======.::::-*+-----::~~~~~~---.........:::::::::::::::::::::===
::::-~~~~+++++++++++++++++++++++++++=======:---/-@|--\::::~~~~~~---::::::::::::::::::::::::::::::===
::::-~~~~+++++++++++++++++++++++++++=======~~~~~~@@~~~---~~~~~~~-----------%--------------%%-----===
---~~~~~~+++++++++++++++++++++++++++=======~~~~~~@@~~~~~~--~~~~~~~~~~~%~~%%~~~~~~~~~~~~~~~~~~~~~====
~~~~~~~~~~~+++++++++++++++++++++++++=============@@========---===================~~~~~~~~~~~~~~~====
===========+++++++++++++++++++++++++==========================-=====================================
===========+++++++++++++++++++++++++=======++++++++++++++++++++---+=================================
===========+++++++++++++++++++++++++=======+++++++++++++++++++++++--++++++++++++++++++==============
=+++++++++++++++++++++++++++++++++++===+++++++++++++++++++++++++++++---++++++++++++++++++++++++++++=
+++++++++++++++++++++++++++++++++++++++++++++++++++++++++++++++++++++++--+++++++++++++++++++++++++++
+++++++++++++++++++++++++++++++++++++++++++++++++++++++++++++++++++++++++---++++++++++++++++++++++++
+++++++++++++++++++++++++++++++++**********************************++++++++--+++++++++++++++++++++++
++++++++++++++++++++************************************************************++++++++++++++++++++
+Reloaded++******************************************************************************+++++++++++
+Hit  8m*****************************************************************************************+++
*Hit  7m********************************************************************************************
*(-3.2, 0.0, -0.2) GROUND  t=7s*********************************************************************
[H+HP ===========          55*******************ENEMY 1/5**************************AMMO 10/12  RSV 36+
++++++++++++++++********************************************************************++++++++++++++++
+++++++++++++++++++++++++++**********************************************+++++++++++++++++++++++++++
++++++++++++++++++++++++++++++++++++++++++++++++++++++++++++++++++++++++++++++++++++++++++++++++++++
++++++++++++++++++++++++++++++++++++++++++++++++++++++++++++++++++++++++++++++++++++++++++++++++++++
++++++++++++++++++++++++++++++++++++++++++++++++++++++++++++++++++++++++++++++++++++++++++++++++++++
========++++++++++++++++++++++++++++=======+++++++++++++++++++++++++++++++++++++++++++++++++========
========================++++++++++++=======+++++++++++++++++++++++++++++++++========================
=======================+++++++++++++================================================================
~~~~~~~~~~=============+++++++++++++======================================================~~~~~~~===
~~~~~~~~~~~~===========+++++++++++++=======================~~~~~~~~~~~~~~~~~~~~~~~~~~~~~~~~~~~~~~===
::::~~~~~~~~===========+++++++++++++=======~~~~~~~~~~~~~~~~~~~~~~~~~~~~~~~~~~~~~-----------------===
::::~~~~~~~~===========+++++++++++++=======---------------~~~~~~~--:-----------::::::::::::::::::===
::::~~~~~~~~===========+++++++++++++=======...............~~~~~~~--.........:::::::::::::::::::::===
::::~~~~~+++++++++++++++++++++++++++=======...............~~~~~~---.........:::::::::::::::::::::===
::::~~~~~+++++++++++++++++++++++++++=======......OO:::::::~~~~~~---........::::::::::::::::::::::===
::::-~~~~+++++++++++++++++++++++++++=======....\@*|@:/::--~~~~~~---.........:::::::::::::::::::::===
::::-~~~~+++++++++++++++++++++++++++=======.::::-@+@----::~~~~~~---.........:::::::::::::::::::::===
::::-~~~~+++++++++++++++++++++++++++=======:---/-@|--\::::~~~~~~---::::::::::::::::::::::::::::::===
::::-~~~~+++++++++++++++++++++++++++=======~~~~~~@@~~~~~~~~~~~~~-----------%-----%--------%%-----===
--~~~~~~~+++++++++++++++++++++++++++=======~~~~~~@@~~~~~~~~~~~~~~~~~~~%~~%%~~~~~~~~~~~~~~~~~~~~~====
~~~~~~~~~~~+++++++++++++++++++++++++=============@@===============================~~~~~~~~~~~~~~====
===========+++++++++++++++++++++++++================================================================
===========+++++++++++++++++++++++++=======++++++++++++++++++++++++=================================
===========+++++++++++++++++++++++++=======+++++++++++++++++++++++++++++++++++++++++++==============
=+++++++++++++++++++++++++++++++++++===++++++++++++++++++++++++++++++++++++++++++++++++++++++++++++=
++++++++++++++++++++++++++++++++++++++++++++++++++++++++++++++++++++++++++++++++++++++++++++++++++++
++++++++++++++++++++++++++++++++++++++++++++++++++++++++++++++++++++++++++++++++++++++++++++++++++++
++++++++++++++++++++++++++++++++************************************++++++++++++++++++++++++++++++++
++++++++++++++++++++************************************************************++++++++++++++++++++
+Reloaded+********************************************************************************++++++++++
+Hit  8m*****************************************************************************************+++
*Hit  7m********************************************************************************************
*(-3.2, 0.0, -0.2) GROUND  t=7s*********************************************************************
[0m
================================================================
 结束 —— 剩余敌人 1/5，生命 55，用时 6.7 秒

 性能（200 帧平均）：
   物理 0.203 ms/帧
   渲染 3.700 ms/帧   （3400 条射线/帧，1088 ns/条）
   合计 3.903 ms/帧  ->  上限约 256 fps

 世界：刚体 56，碰撞体 62，候选对 14，接触 1，活跃体 2
================================================================

<end of output>
Test time =   0.82 sec
----------------------------------------------------------
Test Passed.
"pe_game_smoke" end time: Sep 02 01:05 �й���׼ʱ��
"pe_game_smoke" time elapsed: 00:00:00
----------------------------------------------------------

16/16 Testing: pe_racing_smoke
16/16 Test: pe_racing_smoke
Command: "C:/game/build/bin/pe_racing.exe" "--bot" "--frames" "9000"
Directory: C:/game/build
"pe_racing_smoke" start time: Sep 02 01:05 �й���׼ʱ��
Output:
----------------------------------------------------------

================================================================
 一个跑在 PhysEngine 上的赛车游戏 —— 0.1.0
================================================================

  操作：W/↑ 油门   S/↓ 刹车（停住后继续踩 = 倒车）
        A/D 或 ←/→ 转向   空格 手刹漂移   R 复位   Esc 退出

  车不是引擎里的东西：整台车是**一个刚体 + 四条向下的射线**，
  悬挂是弹簧阻尼力，抓地力是接触点上受摩擦圆限制的冲量。
  引擎只提供 Raycast / ApplyForceAtPoint / ApplyImpulseAtPoint。

  目标：跑完 3 圈。跳台在上方直道外侧，想飞就往外压一点。

  [机器人模式] 自动跑完 3 圈。

  GO
  LAP 1: 17.67S
  LAP 2: 15.53S
  LAP 3: 15.50S
  FINISH

================================================================
 完赛 —— 3 圈用时 48.70 秒，最快单圈 15.50 秒

 性能（3104 帧平均）：
   物理 0.026 ms/帧
   合计 0.026 ms/帧  ->  上限约 38373 fps

 世界：刚体 45，碰撞体 53，候选对 2，接触 1，活跃体 6
================================================================

<end of output>
Test time =   0.10 sec
----------------------------------------------------------
Test Passed.
"pe_racing_smoke" end time: Sep 02 01:05 �й���׼ʱ��
"pe_racing_smoke" time elapsed: 00:00:00
----------------------------------------------------------

End testing: Sep 02 01:05 �й���׼ʱ��
